<?xml version="1.0" encoding="UTF-8"?>
<!-- Generated by org.testng.reporters.JUnitXMLReporter -->
<testsuite hostname="DESKTOP-ODFPRUL" ignored="4" name="Smoke Test" tests="1" failures="0" timestamp="2020-01-19T12:51:02 EST" time="16.094" errors="0">
  <testcase name="login" time="3.275" classname="com.testcases.LoginPageTest"/>
  <testcase name="negativeLogin" time="0.0" classname="com.testcases.LoginPageTest">
    <ignored/>
  </testcase> <!-- negativeLogin -->
  <testcase name="logoDisplayed" time="0.0" classname="com.testcases.LoginPageTest">
    <ignored/>
  </testcase> <!-- logoDisplayed -->
  <testcase name="leaveLabelValidation" time="0.0" classname="com.testcases.LeaveListPageTest">
    <ignored/>
  </testcase> <!-- leaveLabelValidation -->
  <testcase name="emptyPassword" time="0.0" classname="com.testcases.LoginPageTest">
    <ignored/>
  </testcase> <!-- emptyPassword -->
</testsuite> <!-- Smoke Test -->
