<?xml version="1.0" encoding="UTF-8"?>
<testng-results skipped="0" failed="0" ignored="0" total="1" passed="1">
  <reporter-output>
  </reporter-output>
  <suite name="Default suite" duration-ms="13641" started-at="2020-01-18T12:48:43 EST" finished-at="2020-01-18T12:48:56 EST">
    <groups>
    </groups>
    <test name="Default test" duration-ms="13641" started-at="2020-01-18T12:48:43 EST" finished-at="2020-01-18T12:48:56 EST">
      <class name="com.pratice.Testing">
        <test-method status="PASS" signature="setUp()[pri:0, instance:com.pratice.Testing@5ae63ade]" name="setUp" is-config="true" duration-ms="12909" started-at="2020-01-18T12:48:43 EST" finished-at="2020-01-18T12:48:56 EST">
          <reporter-output>
          </reporter-output>
        </test-method> <!-- setUp -->
        <test-method status="PASS" signature="testing()[pri:0, instance:com.pratice.Testing@5ae63ade]" name="testing" duration-ms="82" started-at="2020-01-18T12:48:56 EST" finished-at="2020-01-18T12:48:56 EST">
          <reporter-output>
          </reporter-output>
        </test-method> <!-- testing -->
        <test-method status="PASS" signature="tearDown()[pri:0, instance:com.pratice.Testing@5ae63ade]" name="tearDown" is-config="true" duration-ms="615" started-at="2020-01-18T12:48:56 EST" finished-at="2020-01-18T12:48:56 EST">
          <reporter-output>
          </reporter-output>
        </test-method> <!-- tearDown -->
      </class> <!-- com.pratice.Testing -->
    </test> <!-- Default test -->
  </suite> <!-- Default suite -->
</testng-results>
